<?xml version="1.0" encoding="UTF-8"?>
<testsuite xmlns:xsi="http://www.w3.org/2001/XMLSchema-instance" xsi:noNamespaceSchemaLocation="https://maven.apache.org/surefire/maven-surefire-plugin/xsd/surefire-test-report.xsd" name="TestSuite" time="126.13" tests="4" errors="0" skipped="0" failures="2">
  <properties>
[...]
</properties>
  <testcase name="InitializeHomepage" classname="Selenium.E2EProject.HomePage" time="71.903"/>
  <testcase name="InitializeHomepage" classname="Selenium.E2EProject.HomePage" time="6.251"/>
  <testcase name="InitializeHomepage" classname="Selenium.E2EProject.ValidateNavigationBar" time="3.248">
    <failure message="class PageObjects.LoginPage cannot be cast to class org.openqa.selenium.WebElement (PageObjects.LoginPage and org.openqa.selenium.WebElement are in unnamed module of loader &apos;app&apos;)" type="java.lang.ClassCastException">java.lang.ClassCastException: class PageObjects.LoginPage cannot be cast to class org.openqa.selenium.WebElement (PageObjects.LoginPage and org.openqa.selenium.WebElement are in unnamed module of loader 'app')
	at Selenium.E2EProject.ValidateNavigationBar.InitializeHomepage(ValidateNavigationBar.java:33)
</failure>
  </testcase>
  <testcase name="InitializeHomepage" classname="Selenium.E2EProject.ValidationPage" time="27.988">
    <failure message="class PageObjects.LoginPage cannot be cast to class org.openqa.selenium.WebElement (PageObjects.LoginPage and org.openqa.selenium.WebElement are in unnamed module of loader &apos;app&apos;)" type="java.lang.ClassCastException">java.lang.ClassCastException: class PageObjects.LoginPage cannot be cast to class org.openqa.selenium.WebElement (PageObjects.LoginPage and org.openqa.selenium.WebElement are in unnamed module of loader 'app')
	at Selenium.E2EProject.ValidationPage.InitializeHomepage(ValidationPage.java:40)
</failure>
    <system-err><![CDATA[Starting ChromeDriver 85.0.4183.87 (cd6713ebf92fa1cacc0f1a598df280093af0c5d7-refs/branch-heads/4183@{#1689}) on port 21425
Only local connections are allowed.
Please see https://chromedriver.chromium.org/security-considerations for suggestions on keeping ChromeDriver safe.
ChromeDriver was started successfully.
[1606878273.762][WARNING]: This version of ChromeDriver has not been tested with Chrome version 86.
Dec 01, 2020 7:04:34 PM org.openqa.selenium.remote.ProtocolHandshake createSession
INFO: Detected dialect: W3C
]]></system-err>
  </testcase>
</testsuite>